<?xml version="1.0" encoding="UTF-8"?>
<testng-results skipped="0" failed="0" total="6" passed="6">
  <reporter-output>
  </reporter-output>
  <suite name="Default suite" duration-ms="7320" started-at="2016-11-13T20:40:04Z" finished-at="2016-11-13T20:40:12Z">
    <groups>
    </groups>
    <test name="Default test" duration-ms="7320" started-at="2016-11-13T20:40:04Z" finished-at="2016-11-13T20:40:12Z">
      <class name="testQA.searchBoxTest">
        <test-method status="PASS" signature="checkSearchBox()[pri:0, instance:testQA.searchBoxTest@50fe837a]" name="checkSearchBox" duration-ms="3618" started-at="2016-11-13T12:40:04Z" finished-at="2016-11-13T12:40:08Z">
          <reporter-output>
          </reporter-output>
        </test-method> <!-- checkSearchBox -->
      </class> <!-- testQA.searchBoxTest -->
      <class name="testQA.HomePageObjTest">
        <test-method status="PASS" signature="checkBrandLogoImagePresent()[pri:0, instance:testQA.HomePageObjTest@3a62c01e]" name="checkBrandLogoImagePresent" duration-ms="116" started-at="2016-11-13T12:40:08Z" finished-at="2016-11-13T12:40:08Z">
          <reporter-output>
          </reporter-output>
        </test-method> <!-- checkBrandLogoImagePresent -->
        <test-method status="PASS" signature="checkDisabledDrowDown()[pri:0, instance:testQA.HomePageObjTest@3a62c01e]" name="checkDisabledDrowDown" duration-ms="163" started-at="2016-11-13T12:40:08Z" finished-at="2016-11-13T12:40:08Z">
          <reporter-output>
          </reporter-output>
        </test-method> <!-- checkDisabledDrowDown -->
        <test-method status="PASS" signature="checkEnabledDrowDown()[pri:0, instance:testQA.HomePageObjTest@3a62c01e]" name="checkEnabledDrowDown" duration-ms="1071" started-at="2016-11-13T12:40:08Z" finished-at="2016-11-13T12:40:09Z">
          <reporter-output>
          </reporter-output>
        </test-method> <!-- checkEnabledDrowDown -->
        <test-method status="PASS" signature="checkLogoHyperlinkPresent()[pri:0, instance:testQA.HomePageObjTest@3a62c01e]" name="checkLogoHyperlinkPresent" duration-ms="81" started-at="2016-11-13T12:40:09Z" finished-at="2016-11-13T12:40:09Z">
          <reporter-output>
          </reporter-output>
        </test-method> <!-- checkLogoHyperlinkPresent -->
        <test-method status="PASS" signature="verifyAllDropDownValuesManufacturer()[pri:0, instance:testQA.HomePageObjTest@3a62c01e]" name="verifyAllDropDownValuesManufacturer" duration-ms="2097" started-at="2016-11-13T12:40:09Z" finished-at="2016-11-13T12:40:12Z">
          <reporter-output>
          </reporter-output>
        </test-method> <!-- verifyAllDropDownValuesManufacturer -->
        <test-method status="PASS" signature="afterTest()[pri:0, instance:testQA.HomePageObjTest@3a62c01e]" name="afterTest" is-config="true" duration-ms="8" started-at="2016-11-13T12:40:12Z" finished-at="2016-11-13T12:40:12Z">
          <reporter-output>
          </reporter-output>
        </test-method> <!-- afterTest -->
        <test-method status="PASS" signature="afterTest()[pri:0, instance:testQA.searchBoxTest@50fe837a]" name="afterTest" is-config="true" duration-ms="30" started-at="2016-11-13T12:40:12Z" finished-at="2016-11-13T12:40:12Z">
          <reporter-output>
          </reporter-output>
        </test-method> <!-- afterTest -->
      </class> <!-- testQA.HomePageObjTest -->
    </test> <!-- Default test -->
  </suite> <!-- Default suite -->
</testng-results>
